{"/home/isaque.maestri/Development/clean-node-api/src/presentation/controllers/signup.ts": {"path":"/home/isaque.maestri/Development/clean-node-api/src/presentation/controllers/signup.ts","statementMap":{"0":{"start":{"line":4,"column":4},"end":{"line":9,"column":null}},"1":{"start":{"line":5,"column":6},"end":{"line":8,"column":null}},"2":{"start":{"line":10,"column":4},"end":{"line":15,"column":null}},"3":{"start":{"line":11,"column":6},"end":{"line":14,"column":null}},"4":{"start":{"line":2,"column":0},"end":{"line":2,"column":13}}},"fnMap":{"0":{"name":"(anonymous_0)","decl":{"start":{"line":3,"column":2},"end":{"line":3,"column":8}},"loc":{"start":{"line":3,"column":34},"end":{"line":16,"column":3}}}},"branchMap":{"0":{"loc":{"start":{"line":4,"column":4},"end":{"line":9,"column":null}},"type":"if","locations":[{"start":{"line":4,"column":4},"end":{"line":9,"column":null}}]},"1":{"loc":{"start":{"line":10,"column":4},"end":{"line":15,"column":null}},"type":"if","locations":[{"start":{"line":10,"column":4},"end":{"line":15,"column":null}}]}},"s":{"0":2,"1":1,"2":1,"3":1,"4":1},"f":{"0":2},"b":{"0":[1],"1":[1]}}
}
